This is pdfTeX, Version 3.141592653-2.6-1.40.24 (MiKTeX 22.1) (preloaded format=pdflatex 2025.6.15)  15 JUN 2025 05:24
entering extended mode
 restricted \write18 enabled.
 %&-line parsing enabled.
**./memorianueva.tex
(memorianueva.tex
LaTeX2e <2025-06-01>
L3 programming layer <2025-05-26>
(MastersDoctoralThesis.cls
Document Class: MastersDoctoralThesis 2016/03/25 v1.4 LaTeXTemplates.com

(/Library/Application Support/MiKTeX/texmfs/install/tex/latex/etoolbox/etoolbox
.sty
Package: etoolbox 2025/02/11 v2.5l e-TeX tools for LaTeX (JAW)
\etb@tempcnta=\count275
)
(/Library/Application Support/MiKTeX/texmfs/install/tex/latex/l3packages/xparse
/xparse.sty
(/Library/Application Support/MiKTeX/texmfs/install/tex/latex/l3kernel/expl3.st
y
Package: expl3 2025-05-26 L3 programming layer (loader) 

(/Library/Application Support/MiKTeX/texmfs/install/tex/latex/l3backend/l3backe
nd-pdftex.def
File: l3backend-pdftex.def 2025-04-14 L3 backend support: PDF output (pdfTeX)
\l__color_backend_stack_int=\count276
))
Package: xparse 2024-08-16 L3 Experimental document command parser
)
(/Library/Application Support/MiKTeX/texmfs/install/tex/latex/base/book.cls
Document Class: book 2025/01/22 v1.4n Standard LaTeX document class
(/Library/Application Support/MiKTeX/texmfs/install/tex/latex/base/bk11.clo
File: bk11.clo 2025/01/22 v1.4n Standard LaTeX file (size option)
)
\c@part=\count277
\c@chapter=\count278
\c@section=\count279
\c@subsection=\count280
\c@subsubsection=\count281
\c@paragraph=\count282
\c@subparagraph=\count283
\c@figure=\count284
\c@table=\count285
\abovecaptionskip=\skip49
\belowcaptionskip=\skip50
\bibindent=\dimen148
)
(/Users/lucas/Library/Application Support/MiKTeX/texmfs/install/tex/latex/parsk
ip/parskip.sty
Package: parskip 2021-03-14 v2.0h non-zero parskip adjustments

(/Users/lucas/Library/Application Support/MiKTeX/texmfs/install/tex/latex/kvopt
ions/kvoptions.sty
Package: kvoptions 2022-06-15 v3.15 Key value format for package options (HO)

(/Library/Application Support/MiKTeX/texmfs/install/tex/latex/graphics/keyval.s
ty
Package: keyval 2022/05/29 v1.15 key=value parser (DPC)
\KV@toks@=\toks17
)
(/Users/lucas/Library/Application Support/MiKTeX/texmfs/install/tex/generic/ltx
cmds/ltxcmds.sty
Package: ltxcmds 2023-12-04 v1.26 LaTeX kernel commands for general use (HO)
)
(/Users/lucas/Library/Application Support/MiKTeX/texmfs/install/tex/latex/kvset
keys/kvsetkeys.sty
Package: kvsetkeys 2022-10-05 v1.19 Key value parser (HO)
)))
(/Library/Application Support/MiKTeX/texmfs/install/tex/generic/babel/babel.sty
Package: babel 2025/05/14 v25.9 The multilingual framework for pdfLaTeX, LuaLaT
eX and XeLaTeX
\babel@savecnt=\count286
LaTeX Encoding Info:    Redeclaring text command \ij (encoding OT1) on input li
ne 2043.
LaTeX Encoding Info:    Redeclaring text command \IJ (encoding OT1) on input li
ne 2045.
LaTeX Encoding Info:    Redeclaring text command \ij (encoding T1) on input lin
e 2047.
LaTeX Encoding Info:    Redeclaring text command \IJ (encoding T1) on input lin
e 2048.
LaTeX Encoding Info:    Ignoring declaration for text command \ij (encoding ?) 
on input line 2049.
LaTeX Encoding Info:    Ignoring declaration for text command \IJ (encoding ?) 
on input line 2051.
LaTeX Encoding Info:    Ignoring declaration for text command \SS (encoding ?) 
on input line 2076.
\U@D=\dimen149
\l@unhyphenated=\language1

(/Library/Application Support/MiKTeX/texmfs/install/tex/generic/babel/txtbabel.
def)
\bbl@readstream=\read2
\bbl@dirlevel=\count287

*************************************
* Local config file bblopts.cfg used
*

(/Library/Application Support/MiKTeX/texmfs/install/tex/latex/arabi/bblopts.cfg
File: bblopts.cfg 2005/09/08 v0.1 add Arabic and Farsi to "declared" options of
 babel
)
(/Users/lucas/Library/Application Support/MiKTeX/texmfs/install/tex/latex/babel
-spanish/spanish.ldf
Language: spanish.ldf 2021/05/27 v5.0q Spanish support from the babel system

(/Library/Application Support/MiKTeX/texmfs/install/tex/generic/babel/locale/es
/babel-spanish.tex
Package babel Info: Importing font and identification data for spanish
(babel)             from babel-es.ini. Reported on input line 11.
)

Package babel Warning: No hyphenation patterns were preloaded for
(babel)                the language 'Spanish' into the format.
(babel)                Please, configure your TeX system to add them and
(babel)                rebuild the format. Now I will use the patterns
(babel)                preloaded for \language=0 instead on input line 51.

\es@quottoks=\toks18
\es@quotdepth=\count288
Package babel Info: Making " an active character on input line 570.
Package babel Info: Making . an active character on input line 675.
Package babel Info: Making < an active character on input line 722.
Package babel Info: Making > an active character on input line 722.
))
LaTeX Encoding Info:    Redeclaring text command \guillemotleft (encoding OT1) 
on input line 183.
LaTeX Encoding Info:    Redeclaring text command \guillemotright (encoding OT1)
 on input line 183.

(/Users/lucas/Library/Application Support/MiKTeX/texmfs/install/tex/latex/koma-
script/scrbase.sty
Package: scrbase 2025/06/04 v3.45 KOMA-Script package (KOMA-Script-independent 
basics and keyval usage)

(/Users/lucas/Library/Application Support/MiKTeX/texmfs/install/tex/latex/koma-
script/scrlfile.sty
Package: scrlfile 2025/06/04 v3.45 KOMA-Script package (file load hooks)

(/Users/lucas/Library/Application Support/MiKTeX/texmfs/install/tex/latex/koma-
script/scrlfile-hook.sty
Package: scrlfile-hook 2025/06/04 v3.45 KOMA-Script package (using LaTeX hooks)


(/Users/lucas/Library/Application Support/MiKTeX/texmfs/install/tex/latex/koma-
script/scrlogo.sty
Package: scrlogo 2025/06/04 v3.45 KOMA-Script package (logo)
)))
Applying: [2021/05/01] Usage of raw or classic option list on input line 254.
Already applied: [0000/00/00] Usage of raw or classic option list on input line
 370.
)
(/Users/lucas/Library/Application Support/MiKTeX/texmfs/install/tex/latex/scrha
ck/scrhack.sty
Package: scrhack 2024-09-04 v3.42 scrhack emulation package
)
(/Users/lucas/Library/Application Support/MiKTeX/texmfs/install/tex/latex/setsp
ace/setspace.sty
Package: setspace 2022/12/04 v6.7b set line spacing
)
(/Users/lucas/Library/Application Support/MiKTeX/texmfs/install/tex/latex/setsp
aceenhanced/setspaceenhanced.sty
Package: setspaceenhanced 2024-11-12 v1.04 improved setspace package
)
(/Library/Application Support/MiKTeX/texmfs/install/tex/latex/tools/longtable.s
ty
Package: longtable 2024-12-18 v4.23 Multi-page Table package (DPC)
\LTleft=\skip51
\LTright=\skip52
\LTpre=\skip53
\LTpost=\skip54
\LTchunksize=\count289
\LTcapwidth=\dimen150
\LT@head=\box53
\LT@firsthead=\box54
\LT@foot=\box55
\LT@lastfoot=\box56
\LT@gbox=\box57
\LT@cols=\count290
\LT@rows=\count291
\c@LT@tables=\count292
\c@LT@chunks=\count293
\LT@p@ftn=\toks19
)
(/Users/lucas/Library/Application Support/MiKTeX/texmfs/install/tex/latex/siuni
tx/siunitx.sty
Package: siunitx 2025-05-22 v3.4.12 A comprehensive (SI) units package
\l__siunitx_number_uncert_offset_int=\count294
\l__siunitx_number_exponent_fixed_int=\count295
\l__siunitx_number_min_decimal_int=\count296
\l__siunitx_number_min_integer_int=\count297
\l__siunitx_number_round_precision_int=\count298
\l__siunitx_number_lower_threshold_int=\count299
\l__siunitx_number_upper_threshold_int=\count300
\l__siunitx_number_group_first_int=\count301
\l__siunitx_number_group_size_int=\count302
\l__siunitx_number_group_minimum_int=\count303
\l__siunitx_angle_tmp_dim=\dimen151
\l__siunitx_angle_marker_box=\box58
\l__siunitx_angle_unit_box=\box59
\l__siunitx_compound_count_int=\count304

(/Users/lucas/Library/Application Support/MiKTeX/texmfs/install/tex/latex/trans
lations/translations.sty
Package: translations 2022/02/05 v1.12 internationalization of LaTeX2e packages
 (CN)

(/Library/Application Support/MiKTeX/texmfs/install/tex/generic/pdftexcmds/pdft
excmds.sty
Package: pdftexcmds 2020-06-27 v0.33 Utility functions of pdfTeX for LuaTeX (HO
)

(/Users/lucas/Library/Application Support/MiKTeX/texmfs/install/tex/generic/inf
warerr/infwarerr.sty
Package: infwarerr 2019/12/03 v1.5 Providing info/warning/error messages (HO)
)
(/Library/Application Support/MiKTeX/texmfs/install/tex/generic/iftex/iftex.sty
Package: iftex 2024/12/12 v1.0g TeX engine tests
)
Package pdftexcmds Info: \pdf@primitive is available.
Package pdftexcmds Info: \pdf@ifprimitive is available.
Package pdftexcmds Info: \pdfdraftmode found.
))
(/Library/Application Support/MiKTeX/texmfs/install/tex/latex/amsmath/amstext.s
ty
Package: amstext 2024/11/17 v2.01 AMS text

(/Library/Application Support/MiKTeX/texmfs/install/tex/latex/amsmath/amsgen.st
y
File: amsgen.sty 1999/11/30 v2.0 generic functions
\@emptytoks=\toks20
\ex@=\dimen152
))
\l__siunitx_table_tmp_box=\box60
\l__siunitx_table_tmp_dim=\dimen153
\l__siunitx_table_column_width_dim=\dimen154
\l__siunitx_table_integer_box=\box61
\l__siunitx_table_decimal_box=\box62
\l__siunitx_table_uncert_box=\box63
\l__siunitx_table_before_box=\box64
\l__siunitx_table_after_box=\box65
\l__siunitx_table_before_dim=\dimen155
\l__siunitx_table_carry_dim=\dimen156
\l__siunitx_unit_tmp_int=\count305
\l__siunitx_unit_position_int=\count306
\l__siunitx_unit_total_int=\count307

(/Library/Application Support/MiKTeX/texmfs/install/tex/latex/tools/array.sty
Package: array 2025/05/19 v2.6i Tabular extension package (FMi)
\col@sep=\dimen157
\ar@mcellbox=\box66
\extrarowheight=\dimen158
\NC@list=\toks21
\extratabsurround=\skip55
\backup@length=\skip56
\ar@cellbox=\box67
))
(/Library/Application Support/MiKTeX/texmfs/install/tex/latex/graphics/graphicx
.sty
Package: graphicx 2024/12/31 v1.2e Enhanced LaTeX Graphics (DPC,SPQR)

(/Library/Application Support/MiKTeX/texmfs/install/tex/latex/graphics/graphics
.sty
Package: graphics 2024/08/06 v1.4g Standard LaTeX Graphics (DPC,SPQR)

(/Library/Application Support/MiKTeX/texmfs/install/tex/latex/graphics/trig.sty
Package: trig 2023/12/02 v1.11 sin cos tan (DPC)
)
(/Library/Application Support/MiKTeX/texmfs/install/tex/latex/graphics-cfg/grap
hics.cfg
File: graphics.cfg 2016/06/04 v1.11 sample graphics configuration
)
Package graphics Info: Driver file: pdftex.def on input line 106.

(/Library/Application Support/MiKTeX/texmfs/install/tex/latex/graphics-def/pdft
ex.def
File: pdftex.def 2024/04/13 v1.2c Graphics/color driver for pdftex
))
\Gin@req@height=\dimen159
\Gin@req@width=\dimen160
)
(/Users/lucas/Library/Application Support/MiKTeX/texmfs/install/tex/latex/bookt
abs/booktabs.sty
Package: booktabs 2020/01/12 v1.61803398 Publication quality tables
\heavyrulewidth=\dimen161
\lightrulewidth=\dimen162
\cmidrulewidth=\dimen163
\belowrulesep=\dimen164
\belowbottomsep=\dimen165
\aboverulesep=\dimen166
\abovetopsep=\dimen167
\cmidrulesep=\dimen168
\cmidrulekern=\dimen169
\defaultaddspace=\dimen170
\@cmidla=\count308
\@cmidlb=\count309
\@aboverulesep=\dimen171
\@belowrulesep=\dimen172
\@thisruleclass=\count310
\@lastruleclass=\count311
\@thisrulewidth=\dimen173
)
(/Users/lucas/Library/Application Support/MiKTeX/texmfs/install/tex/latex/capti
on/caption.sty
Package: caption 2023/08/05 v3.6o Customizing captions (AR)

(/Users/lucas/Library/Application Support/MiKTeX/texmfs/install/tex/latex/capti
on/caption3.sty
Package: caption3 2023/07/31 v2.4d caption3 kernel (AR)
\caption@tempdima=\dimen174
\captionmargin=\dimen175
\caption@leftmargin=\dimen176
\caption@rightmargin=\dimen177
\caption@width=\dimen178
\caption@indent=\dimen179
\caption@parindent=\dimen180
\caption@hangindent=\dimen181
Package caption Info: Standard document class detected.
)
\c@caption@flags=\count312
\c@continuedfloat=\count313
Package caption Info: longtable package is loaded.

(/Users/lucas/Library/Application Support/MiKTeX/texmfs/install/tex/latex/capti
on/ltcaption.sty
Package: ltcaption 2021/01/08 v1.4c longtable captions (AR)
))
(/Library/Application Support/MiKTeX/texmfs/install/tex/latex/listings/listings
.sty
\lst@mode=\count314
\lst@gtempboxa=\box68
\lst@token=\toks22
\lst@length=\count315
\lst@currlwidth=\dimen182
\lst@column=\count316
\lst@pos=\count317
\lst@lostspace=\dimen183
\lst@width=\dimen184
\lst@newlines=\count318
\lst@lineno=\count319
\lst@maxwidth=\dimen185

(/Library/Application Support/MiKTeX/texmfs/install/tex/latex/listings/lstpatch
.sty
File: lstpatch.sty 2024/09/23 1.10c (Carsten Heinz)
)
(/Library/Application Support/MiKTeX/texmfs/install/tex/latex/listings/lstmisc.
sty
File: lstmisc.sty 2024/09/23 1.10c (Carsten Heinz)
\c@lstnumber=\count320
\lst@skipnumbers=\count321
\lst@framebox=\box69
)
(/Library/Application Support/MiKTeX/texmfs/install/tex/latex/listings/listings
.cfg
File: listings.cfg 2024/09/23 1.10c listings configuration
))
Package: listings 2024/09/23 1.10c (Carsten Heinz)

(/Library/Application Support/MiKTeX/texmfs/install/tex/latex/base/inputenc.sty
Package: inputenc 2024/02/08 v1.3d Input encoding file
\inpenc@prehook=\toks23
\inpenc@posthook=\toks24
)
(/Library/Application Support/MiKTeX/texmfs/install/tex/latex/base/fontenc.sty
Package: fontenc 2024/12/21 v2.1c Standard LaTeX package
)
(/Users/lucas/Library/Application Support/MiKTeX/texmfs/install/tex/latex/psnfs
s/palatino.sty
Package: palatino 2020/03/25 PSNFSS-v9.3 (SPQR) 
)
(/Library/Application Support/MiKTeX/texmfs/install/tex/latex/biblatex/biblatex
.sty
Package: biblatex 2024/03/21 v3.20 programmable bibliographies (PK/MW)

(/Users/lucas/Library/Application Support/MiKTeX/texmfs/install/tex/latex/logre
q/logreq.sty
Package: logreq 2010/08/04 v1.0 xml request logger
\lrq@indent=\count322

(/Users/lucas/Library/Application Support/MiKTeX/texmfs/install/tex/latex/logre
q/logreq.def
File: logreq.def 2010/08/04 v1.0 logreq spec v1.0
))
(/Library/Application Support/MiKTeX/texmfs/install/tex/latex/base/ifthen.sty
Package: ifthen 2024/03/16 v1.1e Standard LaTeX ifthen package (DPC)
)
(/Library/Application Support/MiKTeX/texmfs/install/tex/latex/url/url.sty
\Urlmuskip=\muskip17
Package: url 2013/09/16  ver 3.4  Verb mode for urls, etc.
)
\c@tabx@nest=\count323
\c@listtotal=\count324
\c@listcount=\count325
\c@liststart=\count326
\c@liststop=\count327
\c@citecount=\count328
\c@citetotal=\count329
\c@multicitecount=\count330
\c@multicitetotal=\count331
\c@instcount=\count332
\c@maxnames=\count333
\c@minnames=\count334
\c@maxitems=\count335
\c@minitems=\count336
\c@citecounter=\count337
\c@maxcitecounter=\count338
\c@savedcitecounter=\count339
\c@uniquelist=\count340
\c@uniquename=\count341
\c@refsection=\count342
\c@refsegment=\count343
\c@maxextratitle=\count344
\c@maxextratitleyear=\count345
\c@maxextraname=\count346
\c@maxextradate=\count347
\c@maxextraalpha=\count348
\c@abbrvpenalty=\count349
\c@highnamepenalty=\count350
\c@lownamepenalty=\count351
\c@maxparens=\count352
\c@parenlevel=\count353
\blx@tempcnta=\count354
\blx@tempcntb=\count355
\blx@tempcntc=\count356
\c@blx@maxsection=\count357
\blx@maxsegment@0=\count358
\blx@notetype=\count359
\blx@parenlevel@text=\count360
\blx@parenlevel@foot=\count361
\blx@sectionciteorder@0=\count362
\blx@sectionciteorderinternal@0=\count363
\blx@entrysetcounter=\count364
\blx@biblioinstance=\count365
\labelnumberwidth=\skip57
\labelalphawidth=\skip58
\biblabelsep=\skip59
\bibitemsep=\skip60
\bibnamesep=\skip61
\bibinitsep=\skip62
\bibparsep=\skip63
\bibhang=\skip64
\blx@bcfin=\read3
\blx@bcfout=\write3
\blx@langwohyphens=\language2
\c@mincomprange=\count366
\c@maxcomprange=\count367
\c@mincompwidth=\count368
Package biblatex Info: Trying to load biblatex default data model...
Package biblatex Info: ... file 'blx-dm.def' found.

(/Library/Application Support/MiKTeX/texmfs/install/tex/latex/biblatex/blx-dm.d
ef
File: blx-dm.def 2024/03/21 v3.20 biblatex datamodel (PK/MW)
)
Package biblatex Info: Trying to load biblatex style data model...
Package biblatex Info: ... file 'numeric.dbx' not found.
Package biblatex Info: Trying to load biblatex custom data model...
Package biblatex Info: ... file 'biblatex-dm.cfg' not found.
\c@afterword=\count369
\c@savedafterword=\count370
\c@annotator=\count371
\c@savedannotator=\count372
\c@author=\count373
\c@savedauthor=\count374
\c@bookauthor=\count375
\c@savedbookauthor=\count376
\c@commentator=\count377
\c@savedcommentator=\count378
\c@editor=\count379
\c@savededitor=\count380
\c@editora=\count381
\c@savededitora=\count382
\c@editorb=\count383
\c@savededitorb=\count384
\c@editorc=\count385
\c@savededitorc=\count386
\c@foreword=\count387
\c@savedforeword=\count388
\c@holder=\count389
\c@savedholder=\count390
\c@introduction=\count391
\c@savedintroduction=\count392
\c@namea=\count393
\c@savednamea=\count394
\c@nameb=\count395
\c@savednameb=\count396
\c@namec=\count397
\c@savednamec=\count398
\c@translator=\count399
\c@savedtranslator=\count400
\c@shortauthor=\count401
\c@savedshortauthor=\count402
\c@shorteditor=\count403
\c@savedshorteditor=\count404
\c@labelname=\count405
\c@savedlabelname=\count406
\c@institution=\count407
\c@savedinstitution=\count408
\c@lista=\count409
\c@savedlista=\count410
\c@listb=\count411
\c@savedlistb=\count412
\c@listc=\count413
\c@savedlistc=\count414
\c@listd=\count415
\c@savedlistd=\count416
\c@liste=\count417
\c@savedliste=\count418
\c@listf=\count419
\c@savedlistf=\count420
\c@location=\count421
\c@savedlocation=\count422
\c@organization=\count423
\c@savedorganization=\count424
\c@origlocation=\count425
\c@savedoriglocation=\count426
\c@origpublisher=\count427
\c@savedorigpublisher=\count428
\c@publisher=\count429
\c@savedpublisher=\count430
\c@language=\count431
\c@savedlanguage=\count432
\c@origlanguage=\count433
\c@savedoriglanguage=\count434
\c@pageref=\count435
\c@savedpageref=\count436
\shorthandwidth=\skip65
\shortjournalwidth=\skip66
\shortserieswidth=\skip67
\shorttitlewidth=\skip68
\shortauthorwidth=\skip69
\shorteditorwidth=\skip70
\locallabelnumberwidth=\skip71
\locallabelalphawidth=\skip72
\localshorthandwidth=\skip73
\localshortjournalwidth=\skip74
\localshortserieswidth=\skip75
\localshorttitlewidth=\skip76
\localshortauthorwidth=\skip77
\localshorteditorwidth=\skip78
Package biblatex Info: Trying to load compatibility code...
Package biblatex Info: ... file 'blx-compat.def' found.

(/Library/Application Support/MiKTeX/texmfs/install/tex/latex/biblatex/blx-comp
at.def
File: blx-compat.def 2024/03/21 v3.20 biblatex compatibility (PK/MW)
)
Package biblatex Info: Trying to load BibTeX backend compatibility...
Package biblatex Info: ... file 'blx-bibtex.def' found.

(/Library/Application Support/MiKTeX/texmfs/install/tex/latex/biblatex/blx-bibt
ex.def
File: blx-bibtex.def 2024/03/21 v3.20 biblatex compatibility (PK/MW)


Package biblatex Warning: Using fall-back bibtex backend:
(biblatex)                functionality may be reduced/unavailable.

)
Package biblatex Info: Trying to load generic definitions...
Package biblatex Info: ... file 'biblatex.def' found.

(/Library/Application Support/MiKTeX/texmfs/install/tex/latex/biblatex/biblatex
.def
File: biblatex.def 2024/03/21 v3.20 biblatex compatibility (PK/MW)
\c@textcitecount=\count437
\c@textcitetotal=\count438
\c@textcitemaxnames=\count439
\c@biburlbigbreakpenalty=\count440
\c@biburlbreakpenalty=\count441
\c@biburlnumpenalty=\count442
\c@biburlucpenalty=\count443
\c@biburllcpenalty=\count444
\biburlbigskip=\muskip18
\biburlnumskip=\muskip19
\biburlucskip=\muskip20
\biburllcskip=\muskip21
\c@smartand=\count445
)
Package biblatex Info: Trying to load natbib compatibility...
Package biblatex Info: ... file 'blx-natbib.def' found.

(/Library/Application Support/MiKTeX/texmfs/install/tex/latex/biblatex/blx-natb
ib.def
File: blx-natbib.def 2024/03/21 v3.20 biblatex compatibility (PK/MW)
Package biblatex Info: Delimiter 'nameyeardelim' in context '' already defined,
 overwriting.
)
Package biblatex Info: Trying to load bibliography style 'numeric'...
Package biblatex Info: ... file 'numeric.bbx' found.

(/Library/Application Support/MiKTeX/texmfs/install/tex/latex/biblatex/bbx/nume
ric.bbx
File: numeric.bbx 2024/03/21 v3.20 biblatex bibliography style (PK/MW)
Package biblatex Info: Trying to load bibliography style 'standard'...
Package biblatex Info: ... file 'standard.bbx' found.

(/Library/Application Support/MiKTeX/texmfs/install/tex/latex/biblatex/bbx/stan
dard.bbx
File: standard.bbx 2024/03/21 v3.20 biblatex bibliography style (PK/MW)
\c@bbx:relatedcount=\count446
\c@bbx:relatedtotal=\count447
))
Package biblatex Info: Trying to load citation style 'numeric'...
Package biblatex Info: ... file 'numeric.cbx' found.

(/Library/Application Support/MiKTeX/texmfs/install/tex/latex/biblatex/cbx/nume
ric.cbx
File: numeric.cbx 2024/03/21 v3.20 biblatex citation style (PK/MW)
Package biblatex Info: Redefining '\cite'.
Package biblatex Info: Redefining '\parencite'.
Package biblatex Info: Redefining '\footcite'.
Package biblatex Info: Redefining '\footcitetext'.
Package biblatex Info: Redefining '\smartcite'.
Package biblatex Info: Redefining '\supercite'.
Package biblatex Info: Redefining '\textcite'.
Package biblatex Info: Redefining '\textcites'.
Package biblatex Info: Redefining '\cites'.
Package biblatex Info: Redefining '\parencites'.
Package biblatex Info: Redefining '\smartcites'.
)
Package biblatex Info: Trying to load configuration file...
Package biblatex Info: ... file 'biblatex.cfg' found.

(/Library/Application Support/MiKTeX/texmfs/install/tex/latex/biblatex/biblatex
.cfg
File: biblatex.cfg 
)
Package biblatex Info: Input encoding 'utf8' detected.
Package biblatex Info: Document encoding is UTF8 ....
Package biblatex Info: ... and expl3
(biblatex)             2025-05-26 L3 programming layer (loader) 
(biblatex)             is new enough (at least 2020/04/06),
(biblatex)             setting 'casechanger=expl3'.

(/Library/Application Support/MiKTeX/texmfs/install/tex/latex/biblatex/blx-case
-expl3.sty
Package: blx-case-expl3 2024/03/21 v3.20 expl3 case changing code for biblatex
))
(/Users/lucas/Library/Application Support/MiKTeX/texmfs/install/tex/latex/csquo
tes/csquotes.sty
Package: csquotes 2024-04-04 v5.2o context-sensitive quotations (JAW)
\csq@reset=\count448
\csq@gtype=\count449
\csq@glevel=\count450
\csq@qlevel=\count451
\csq@maxlvl=\count452
\csq@tshold=\count453
\csq@ltx@everypar=\toks25

(/Users/lucas/Library/Application Support/MiKTeX/texmfs/install/tex/latex/csquo
tes/csquotes.def
File: csquotes.def 2024-04-04 v5.2o csquotes generic definitions (JAW)
)
Package csquotes Info: Trying to load configuration file 'csquotes.cfg'...
Package csquotes Info: ... configuration file loaded successfully.

(/Users/lucas/Library/Application Support/MiKTeX/texmfs/install/tex/latex/csquo
tes/csquotes.cfg
File: csquotes.cfg 
)
Package csquotes Info: Enabling multilingual quotes.
)
(/Library/Application Support/MiKTeX/texmfs/install/tex/latex/xcolor/xcolor.sty
Package: xcolor 2024/09/29 v3.02 LaTeX color extensions (UK)

(/Library/Application Support/MiKTeX/texmfs/install/tex/latex/graphics-cfg/colo
r.cfg
File: color.cfg 2016/01/02 v1.6 sample color configuration
)
Package xcolor Info: Driver file: pdftex.def on input line 274.

(/Library/Application Support/MiKTeX/texmfs/install/tex/latex/graphics/mathcolo
r.ltx)
Package xcolor Info: Model `cmy' substituted by `cmy0' on input line 1349.
Package xcolor Info: Model `hsb' substituted by `rgb' on input line 1353.
Package xcolor Info: Model `RGB' extended on input line 1365.
Package xcolor Info: Model `HTML' substituted by `rgb' on input line 1367.
Package xcolor Info: Model `Hsb' substituted by `hsb' on input line 1368.
Package xcolor Info: Model `tHsb' substituted by `hsb' on input line 1369.
Package xcolor Info: Model `HSB' substituted by `hsb' on input line 1370.
Package xcolor Info: Model `Gray' substituted by `gray' on input line 1371.
Package xcolor Info: Model `wave' substituted by `hsb' on input line 1372.
)
(/Users/lucas/Library/Application Support/MiKTeX/texmfs/install/tex/latex/capti
on/subcaption.sty
Package: subcaption 2023/07/28 v1.6b Sub-captions (AR)
Package caption Info: New subtype `subfigure' on input line 238.
\c@subfigure=\count454
Package caption Info: New subtype `subtable' on input line 238.
\c@subtable=\count455
)
(/Library/Application Support/MiKTeX/texmfs/install/tex/latex/hyperref/hyperref
.sty
Package: hyperref 2025-05-20 v7.01m Hypertext links for LaTeX

(/Users/lucas/Library/Application Support/MiKTeX/texmfs/install/tex/generic/kvd
efinekeys/kvdefinekeys.sty
Package: kvdefinekeys 2019-12-19 v1.6 Define keys (HO)
)
(/Users/lucas/Library/Application Support/MiKTeX/texmfs/install/tex/generic/pdf
escape/pdfescape.sty
Package: pdfescape 2019/12/09 v1.15 Implements pdfTeX's escape features (HO)
)
(/Users/lucas/Library/Application Support/MiKTeX/texmfs/install/tex/latex/hycol
or/hycolor.sty
Package: hycolor 2020-01-27 v1.10 Color options for hyperref/bookmark (HO)
)
(/Library/Application Support/MiKTeX/texmfs/install/tex/latex/hyperref/nameref.
sty
Package: nameref 2023-11-26 v2.56 Cross-referencing by name of section

(/Users/lucas/Library/Application Support/MiKTeX/texmfs/install/tex/latex/refco
unt/refcount.sty
Package: refcount 2019/12/15 v3.6 Data extraction from label references (HO)
)
(/Users/lucas/Library/Application Support/MiKTeX/texmfs/install/tex/generic/get
titlestring/gettitlestring.sty
Package: gettitlestring 2019/12/15 v1.6 Cleanup title references (HO)
)
\c@section@level=\count456
)
(/Users/lucas/Library/Application Support/MiKTeX/texmfs/install/tex/generic/str
ingenc/stringenc.sty
Package: stringenc 2019/11/29 v1.12 Convert strings between diff. encodings (HO
)
)
\@linkdim=\dimen186
\Hy@linkcounter=\count457
\Hy@pagecounter=\count458

(/Library/Application Support/MiKTeX/texmfs/install/tex/latex/hyperref/pd1enc.d
ef
File: pd1enc.def 2025-05-20 v7.01m Hyperref: PDFDocEncoding definition (HO)
Now handling font encoding PD1 ...
... no UTF-8 mapping file for font encoding PD1
)
(/Users/lucas/Library/Application Support/MiKTeX/texmfs/install/tex/generic/int
calc/intcalc.sty
Package: intcalc 2019/12/15 v1.3 Expandable calculations with integers (HO)
)
\Hy@SavedSpaceFactor=\count459

(/Library/Application Support/MiKTeX/texmfs/install/tex/latex/hyperref/puenc.de
f
File: puenc.def 2025-05-20 v7.01m Hyperref: PDF Unicode definition (HO)
Now handling font encoding PU ...
... no UTF-8 mapping file for font encoding PU
)
Package hyperref Info: Option `bookmarks' set `true' on input line 4040.
Package hyperref Info: Option `unicode' set `true' on input line 4040.
Package hyperref Info: Option `pdftoolbar' set `true' on input line 4040.
Package hyperref Info: Option `pdfmenubar' set `true' on input line 4040.
Package hyperref Info: Option `pdffitwindow' set `false' on input line 4040.
Package hyperref Info: Option `colorlinks' set `true' on input line 4040.
Package hyperref Info: Option `bookmarks' set `true' on input line 4040.
Package hyperref Info: Option `unicode' set `false' on input line 4040.
Package hyperref Info: Option `pdftoolbar' set `true' on input line 4040.
Package hyperref Info: Option `pdfmenubar' set `true' on input line 4040.
Package hyperref Info: Option `pdffitwindow' set `false' on input line 4040.
Package hyperref Info: Option `colorlinks' set `true' on input line 4040.
Package hyperref Info: Hyper figures OFF on input line 4157.
Package hyperref Info: Link nesting OFF on input line 4162.
Package hyperref Info: Hyper index ON on input line 4165.
Package hyperref Info: Plain pages OFF on input line 4172.
Package hyperref Info: Backreferencing OFF on input line 4177.
Package hyperref Info: Implicit mode ON; LaTeX internals redefined.
Package hyperref Info: Bookmarks ON on input line 4424.
\c@Hy@tempcnt=\count460
LaTeX Info: Redefining \url on input line 4763.
\XeTeXLinkMargin=\dimen187

(/Users/lucas/Library/Application Support/MiKTeX/texmfs/install/tex/generic/bit
set/bitset.sty
Package: bitset 2019/12/09 v1.3 Handle bit-vector datatype (HO)

(/Users/lucas/Library/Application Support/MiKTeX/texmfs/install/tex/generic/big
intcalc/bigintcalc.sty
Package: bigintcalc 2019/12/15 v1.5 Expandable calculations on big integers (HO
)
))
\Fld@menulength=\count461
\Field@Width=\dimen188
\Fld@charsize=\dimen189
Package hyperref Info: Hyper figures OFF on input line 6042.
Package hyperref Info: Link nesting OFF on input line 6047.
Package hyperref Info: Hyper index ON on input line 6050.
Package hyperref Info: backreferencing OFF on input line 6057.
Package hyperref Info: Link coloring ON on input line 6060.
Package hyperref Info: Link coloring with OCG OFF on input line 6067.
Package hyperref Info: PDF/A mode OFF on input line 6072.

(/Library/Application Support/MiKTeX/texmfs/install/tex/latex/base/atbegshi-ltx
.sty
Package: atbegshi-ltx 2021/01/10 v1.0c Emulation of the original atbegshi
package with kernel methods
)
\Hy@abspage=\count462
\c@Item=\count463
\c@Hfootnote=\count464
)
Package hyperref Info: Driver (autodetected): hpdftex.

(/Library/Application Support/MiKTeX/texmfs/install/tex/latex/hyperref/hpdftex.
def
File: hpdftex.def 2025-05-20 v7.01m Hyperref driver for pdfTeX
\Fld@listcount=\count465
\c@bookmark@seq@number=\count466

(/Users/lucas/Library/Application Support/MiKTeX/texmfs/install/tex/latex/rerun
filecheck/rerunfilecheck.sty
Package: rerunfilecheck 2022-07-10 v1.10 Rerun checks for auxiliary files (HO)

(/Library/Application Support/MiKTeX/texmfs/install/tex/latex/base/atveryend-lt
x.sty
Package: atveryend-ltx 2020/08/19 v1.0a Emulation of the original atveryend pac
kage
with kernel methods
)
(/Users/lucas/Library/Application Support/MiKTeX/texmfs/install/tex/generic/uni
quecounter/uniquecounter.sty
Package: uniquecounter 2019/12/15 v1.4 Provide unlimited unique counter (HO)
)
Package uniquecounter Info: New unique counter `rerunfilecheck' on input line 2
85.
)
\Hy@SectionHShift=\skip79
)
(/Users/lucas/Library/Application Support/MiKTeX/texmfs/install/tex/latex/geome
try/geometry.sty
Package: geometry 2020/01/02 v5.9 Page Geometry

(/Library/Application Support/MiKTeX/texmfs/install/tex/generic/iftex/ifvtex.st
y
Package: ifvtex 2019/10/25 v1.7 ifvtex legacy package. Use iftex instead.
)
\Gm@cnth=\count467
\Gm@cntv=\count468
\c@Gm@tempcnt=\count469
\Gm@bindingoffset=\dimen190
\Gm@wd@mp=\dimen191
\Gm@odd@mp=\dimen192
\Gm@even@mp=\dimen193
\Gm@layoutwidth=\dimen194
\Gm@layoutheight=\dimen195
\Gm@layouthoffset=\dimen196
\Gm@layoutvoffset=\dimen197
\Gm@dimlist=\toks26

(/Users/lucas/Library/Application Support/MiKTeX/texmfs/install/tex/latex/geome
try/geometry.cfg))
(/Users/lucas/Library/Application Support/MiKTeX/texmfs/install/tex/latex/koma-
script/scrlayer-scrpage.sty
Package: scrlayer-scrpage 2025/06/04 v3.45 KOMA-Script package (end user interf
ace for scrlayer)

(/Users/lucas/Library/Application Support/MiKTeX/texmfs/install/tex/latex/koma-
script/scrlayer.sty
Package: scrlayer 2025/06/04 v3.45 KOMA-Script package (defining layers and pag
e styles)

(/Users/lucas/Library/Application Support/MiKTeX/texmfs/install/tex/latex/koma-
script/scrkbase.sty
Package: scrkbase 2025/06/04 v3.45 KOMA-Script package (KOMA-Script-dependent b
asics and keyval usage)
)
\footheight=\skip80
Package scrlayer Info: patching LaTeX kernel macro \pagestyle on input line 217
9.
)
Package scrbase Info: Unknown processing state.
(scrbase)             Processing option `markcase=used'
(scrbase)             of member `.scrlayer-scrpage.sty' of family
(scrbase)             `KOMA' doesn't set
(scrbase)             a valid state. This will be interpreted
(scrbase)             as \FamilyKeyStateProcessed on input line 649.
))
(/Users/lucas/Library/Application Support/MiKTeX/texmfs/install/tex/latex/float
/float.sty
Package: float 2001/11/08 v1.3d Float enhancements (AL)
\c@float@type=\count470
\float@exts=\toks27
\float@box=\box70
\@float@everytoks=\toks28
\@floatcapt=\box71
)
(/Users/lucas/Library/Application Support/MiKTeX/texmfs/install/tex/latex/float
bytocbasic/floatbytocbasic.sty
Package: floatbytocbasic 2023-08-16 v1.0 improved float package using tocbasic

(/Users/lucas/Library/Application Support/MiKTeX/texmfs/install/tex/latex/koma-
script/tocbasic.sty
Package: tocbasic 2025/06/04 v3.45 KOMA-Script package (handling toc-files)
\scr@dte@tocline@numberwidth=\skip81
\scr@dte@tocline@numbox=\box72
)
(/Users/lucas/Library/Application Support/MiKTeX/texmfs/install/tex/latex/xpatc
h/xpatch.sty
Package: xpatch 2020/03/25 v0.3a Extending etoolbox patching commands
))
(/Library/Application Support/MiKTeX/texmfs/install/tex/latex/graphics/rotating
.sty
Package: rotating 2025/01/14 v2.16e rotated objects in LaTeX
\c@r@tfl@t=\count471
\rotFPtop=\skip82
\rotFPbot=\skip83
\rot@float@box=\box73
\rot@mess@toks=\toks29
)
(/Users/lucas/Library/Application Support/MiKTeX/texmfs/install/tex/latex/pdfls
cape/pdflscape.sty
Package: pdflscape 2022-10-27 v0.13 Display of landscape pages in PDF

(/Users/lucas/Library/Application Support/MiKTeX/texmfs/install/tex/latex/pdfls
cape/pdflscape-nometadata.sty
Package: pdflscape-nometadata 2022-10-28 v0.13 Display of landscape pages in PD
F (HO)

(/Library/Application Support/MiKTeX/texmfs/install/tex/latex/graphics/lscape.s
ty
Package: lscape 2020/05/28 v3.02 Landscape Pages (DPC)
)
(/Users/lucas/Library/Application Support/MiKTeX/texmfs/install/tex/latex/lscap
eenhanced/lscapeenhanced.sty
Package: lscapeenhanced 2024-04-16 v1.0 improved lscape package
Package lscapeenhanced Info: \landscape patched to make \textheight change opti
onal on input line 72.
\@lscapeenhanced@textheight=\skip84
)
Package pdflscape Info: Auto-detected driver: pdftex on input line 81.
))
(/Library/Application Support/MiKTeX/texmfs/install/tex/latex/base/fontenc.sty
Package: fontenc 2024/12/21 v2.1c Standard LaTeX package
LaTeX Font Info:    Trying to load font information for T1+ppl on input line 11
6.

(/Users/lucas/Library/Application Support/MiKTeX/texmfs/install/tex/latex/psnfs
s/t1ppl.fd
File: t1ppl.fd 2001/06/04 font definitions for T1/ppl.
))
(/Users/lucas/Library/Application Support/MiKTeX/texmfs/install/tex/latex/eso-p
ic/eso-pic.sty
Package: eso-pic 2023/05/03 v3.0c eso-pic (RN)
\ESO@tempdima=\dimen198
\ESO@tempdimb=\dimen199
)
Package hyperref Info: Option `unicode' set `true' on input line 43.
Package hyperref Info: Option `colorlinks' set `true' on input line 43.
Package csquotes Info: Checking for multilingual support...
Package csquotes Info: ... found 'babel' package.
 (memorianueva.aux (portada.aux)
LaTeX Info: Redefining \. on input line 16.
LaTeX Info: Redefining \% on input line 16.
Package babel Info: 'spanish' activates 'spanish' shorthands.
(babel)             Reported  on input line 16.
 (Chapters/Chapter1.aux)
(Chapters/Chapter2.aux) (Chapters/Chapter3.aux) (Chapters/Chapter4.aux)
(Chapters/Chapter5.aux) (Appendices/AppendixA.aux) (Appendices/AppendixB.aux))
\openout1 = `memorianueva.aux'.

LaTeX Font Info:    Checking defaults for OML/cmm/m/it on input line 65.
LaTeX Font Info:    ... okay on input line 65.
LaTeX Font Info:    Checking defaults for OMS/cmsy/m/n on input line 65.
LaTeX Font Info:    ... okay on input line 65.
LaTeX Font Info:    Checking defaults for OT1/cmr/m/n on input line 65.
LaTeX Font Info:    ... okay on input line 65.
LaTeX Font Info:    Checking defaults for T1/cmr/m/n on input line 65.
LaTeX Font Info:    ... okay on input line 65.
LaTeX Font Info:    Checking defaults for TS1/cmr/m/n on input line 65.
LaTeX Font Info:    ... okay on input line 65.
LaTeX Font Info:    Checking defaults for OMX/cmex/m/n on input line 65.
LaTeX Font Info:    ... okay on input line 65.
LaTeX Font Info:    Checking defaults for U/cmr/m/n on input line 65.
LaTeX Font Info:    ... okay on input line 65.
LaTeX Font Info:    Checking defaults for PD1/pdf/m/n on input line 65.
LaTeX Font Info:    ... okay on input line 65.
LaTeX Font Info:    Checking defaults for PU/pdf/m/n on input line 65.
LaTeX Font Info:    ... okay on input line 65.
LaTeX Info: Redefining \. on input line 65.
LaTeX Info: Redefining \% on input line 65.

(/Users/lucas/Library/Application Support/MiKTeX/texmfs/install/tex/latex/trans
lations/dicts/translations-basic-dictionary-spanish.trsl
File: translations-basic-dictionary-spanish.trsl (spanish translation file `tra
nslations-basic-dictionary')
)
Package translations Info: loading dictionary `translations-basic-dictionary' f
or `spanish'. on input line 65.

(/Library/Application Support/MiKTeX/texmfs/install/tex/context/base/mkii/supp-
pdf.mkii
[Loading MPS to PDF converter (version 2006.09.02).]
\scratchcounter=\count472
\scratchdimen=\dimen256
\scratchbox=\box74
\nofMPsegments=\count473
\nofMParguments=\count474
\everyMPshowfont=\toks30
\MPscratchCnt=\count475
\MPscratchDim=\dimen257
\MPnumerator=\count476
\makeMPintoPDFobject=\count477
\everyMPtoPDFconversion=\toks31
)
(/Library/Application Support/MiKTeX/texmfs/install/tex/latex/epstopdf-pkg/epst
opdf-base.sty
Package: epstopdf-base 2020-01-24 v2.11 Base part for package epstopdf

(/Users/lucas/Library/Application Support/MiKTeX/texmfs/install/tex/latex/grfex
t/grfext.sty
Package: grfext 2019/12/03 v1.3 Manage graphics extensions (HO)
)
Package epstopdf-base Info: Redefining graphics rule for `.eps' on input line 4
85.
Package grfext Info: Graphics extension search list:
(grfext)             [.pdf,.png,.jpg,.mps,.jpeg,.jbig2,.jb2,.PDF,.PNG,.JPG,.JPE
G,.JBIG2,.JB2,.eps]
(grfext)             \AppendGraphicsExtensions on input line 504.

(/Library/Application Support/MiKTeX/texmfs/install/tex/latex/00miktex/epstopdf
-sys.cfg
File: epstopdf-sys.cfg 2021/03/18 v2.0 Configuration of epstopdf for MiKTeX
))
Package caption Info: Begin \AtBeginDocument code.
Package caption Info: float package is loaded.
Package caption Info: hyperref package is loaded.
Package caption Info: listings package is loaded.
Package caption Info: rotating package is loaded.
Package caption Info: End \AtBeginDocument code.
\c@lstlisting=\count478
Package tocbasic Info: setting babel extension for `lol' on input line 65.
Package biblatex Info: Trying to load language 'spanish'...
Package biblatex Info: ... file 'spanish.lbx' found.

(/Library/Application Support/MiKTeX/texmfs/install/tex/latex/biblatex/lbx/span
ish.lbx
File: spanish.lbx 2024/03/21 v3.20 biblatex localization (PK/MW)
)
Package biblatex Info: Input encoding 'utf8' detected.
Package biblatex Info: Automatic encoding selection.
(biblatex)             Assuming data encoding 'utf8'.
Package biblatex Info: Input encoding 'utf8' detected.
Package biblatex Info: Data encoding 'utf8' specified.
(biblatex)             No need to reencode data.
\openout3 = `memorianueva-blx.bib'.

Package biblatex Info: Trying to load bibliographic data...
Package biblatex Info: ... file 'memorianueva.bbl' found.
 (memorianueva.bbl)
Package biblatex Info: Reference section=0 on input line 65.
Package biblatex Info: Reference segment=0 on input line 65.
Package hyperref Info: Link coloring ON on input line 65.
 (memorianueva.out) (memorianueva.out)
\@outlinefile=\write4
\openout4 = `memorianueva.out'.

Package scrbase Info: activating spanish \acknowledgementname on input line 65.

LaTeX Info: Redefining \sptext on input line 65.
LaTeX Info: Redefining \lsc on input line 65.
LaTeX Info: Redefining \. on input line 65.
LaTeX Info: Redefining \% on input line 65.
LaTeX Info: Redefining \dotlessi on input line 65.
Package scrbase Info: activating spanish \lstlistingname on input line 65.
LaTeX Info: Redefining \sptext on input line 65.
LaTeX Info: Redefining \lsc on input line 65.
LaTeX Info: Redefining \. on input line 65.
LaTeX Info: Redefining \% on input line 65.
LaTeX Info: Redefining \dotlessi on input line 65.
Package scrbase Info: activating spanish \acknowledgementname on input line 65.

LaTeX Info: Redefining \sptext on input line 65.
LaTeX Info: Redefining \lsc on input line 65.
LaTeX Info: Redefining \. on input line 65.
LaTeX Info: Redefining \% on input line 65.
LaTeX Info: Redefining \dotlessi on input line 65.
Package scrbase Info: activating spanish \authorshipname on input line 65.
LaTeX Info: Redefining \sptext on input line 65.
LaTeX Info: Redefining \lsc on input line 65.
LaTeX Info: Redefining \. on input line 65.
LaTeX Info: Redefining \% on input line 65.
LaTeX Info: Redefining \dotlessi on input line 65.
Package scrbase Info: activating spanish \abbrevname on input line 65.
LaTeX Info: Redefining \sptext on input line 65.
LaTeX Info: Redefining \lsc on input line 65.
LaTeX Info: Redefining \. on input line 65.
LaTeX Info: Redefining \% on input line 65.
LaTeX Info: Redefining \dotlessi on input line 65.
Package scrbase Info: activating spanish \byname on input line 65.

*geometry* driver: auto-detecting
*geometry* detected driver: pdftex
*geometry* verbose mode - [ preamble ] result:
* driver: pdftex
* paper: a4paper
* layout: <same size as paper>
* layoutoffset:(h,v)=(0.0pt,0.0pt)
* bindingoffset: 56.9055pt
* modes: includehead includefoot twoside 
* h-part:(L,W,R)=(56.9055pt, 389.80269pt, 93.89418pt)
* v-part:(T,H,B)=(42.67912pt, 759.6886pt, 42.67912pt)
* \paperwidth=597.50787pt
* \paperheight=845.04684pt
* \textwidth=389.80269pt
* \textheight=693.49821pt
* \oddsidemargin=41.54102pt
* \evensidemargin=21.62419pt
* \topmargin=-29.59087pt
* \headheight=18.85364pt
* \headsep=19.8738pt
* \topskip=11.0pt
* \footskip=27.46295pt
* \marginparwidth=116.0pt
* \marginparsep=7.0pt
* \columnsep=10.0pt
* \skip\footins=10.0pt plus 4.0pt minus 2.0pt
* \hoffset=0.0pt
* \voffset=0.0pt
* \mag=1000
* \@twocolumnfalse
* \@twosidetrue
* \@mparswitchtrue
* \@reversemarginfalse
* (1in=72.27pt=25.4mm, 1cm=28.453pt)

\openout2 = `portada.aux'.

(portada.tex
LaTeX Font Info:    Trying to load font information for T1+phv on input line 14
.

(/Users/lucas/Library/Application Support/MiKTeX/texmfs/install/tex/latex/psnfs
s/t1phv.fd
File: t1phv.fd 2020/03/25 scalable font definitions for T1/phv.
)
LaTeX Font Info:    Font shape `T1/phv/m/it' in size <10.95> not available
(Font)              Font shape `T1/phv/m/sl' tried instead on input line 48.
LaTeX Font Info:    Font shape `T1/phv/m/it' in size <10> not available
(Font)              Font shape `T1/phv/m/sl' tried instead on input line 48.




pdfTeX warning: pdflatex (file ./Figures/fondo.pdf): PDF inclusion: found PDF v
ersion <1.6>, but at most version <1.5> allowed
<Figures/fondo.pdf, id=255, 597.55246pt x 845.07718pt>
File: Figures/fondo.pdf Graphic file (type pdf)
<use Figures/fondo.pdf>
Package pdftex.def Info: Figures/fondo.pdf  used on input line 51.
(pdftex.def)             Requested size: 597.551pt x 845.04932pt.
[1



{/Users/lucas/Library/Application Support/MiKTeX/texmfs/data/fonts/map/pdftex/p
dftex.map} <./Figures/fondo.pdf>])

[2



]
--------------------
 Resumen
--------------------

Overfull \hbox (10.97325pt too wide) in paragraph at lines 86--87
[]\T1/ppl/m/n/10.95 El sistema se desarrolló sobre una arquitectura Arm que uti
liza un sistema operativo
 []



LaTeX Font Info:    External font `cmex10' loaded for size
(Font)              <10.95> on input line 97.
LaTeX Font Info:    External font `cmex10' loaded for size
(Font)              <8> on input line 97.
LaTeX Font Info:    External font `cmex10' loaded for size
(Font)              <6> on input line 97.
[1

]

[2

] (memorianueva.toc
LaTeX Info: Redefining \sptext on input line 1.
LaTeX Info: Redefining \. on input line 1.
LaTeX Info: Redefining \% on input line 1.


[3])
\tf@toc=\write5
\openout5 = `memorianueva.toc'.



[4] (memorianueva.lof
LaTeX Info: Redefining \sptext on input line 1.
LaTeX Info: Redefining \. on input line 1.
LaTeX Info: Redefining \% on input line 1.
)
\tf@lof=\write6
\openout6 = `memorianueva.lof'.



[5

]

[6

] (memorianueva.lot
LaTeX Info: Redefining \sptext on input line 1.
LaTeX Info: Redefining \. on input line 1.
LaTeX Info: Redefining \% on input line 1.
)
\tf@lot=\write7
\openout7 = `memorianueva.lot'.



[7]

[8

]
\openout2 = `Chapters/Chapter1.aux'.

 (Chapters/Chapter1.tex
Cap\'{\i }tulo 1.

Overfull \hbox (27.46364pt too wide) in paragraph at lines 20--21
\T1/ppl/m/n/10.95 y por último se presentan los objetivos y alcances determinad
os durante la planificación
 []


Overfull \hbox (3.1447pt too wide) in paragraph at lines 27--28
\T1/ppl/m/n/10.95 favorecen el surgimiento de nuevas empresas enfocadas en el d
esarrollo de nuevas
 []


Overfull \hbox (2.01007pt too wide) in paragraph at lines 27--28
\T1/ppl/m/n/10.95 tecnologías capaces de superar estas barreras. Tal es el caso
 de la empresa Skyloom
 []


Overfull \hbox (8.9813pt too wide) in paragraph at lines 29--30
\T1/ppl/m/n/10.95 de la estación terrena, sino que solo están en contacto con e
lla durante determinadas
 []


Overfull \hbox (4.41438pt too wide) in paragraph at lines 29--30
\T1/ppl/m/n/10.95 momento en que el satélite obtiene la información y el moment
o en que se descarga
 []

<./Figures/propuesta_skyloom.png, id=462, 693.34032pt x 676.77844pt>
File: ./Figures/propuesta_skyloom.png Graphic file (type png)
<use ./Figures/propuesta_skyloom.png>
Package pdftex.def Info: ./Figures/propuesta_skyloom.png  used on input line 35
.
(pdftex.def)             Requested size: 350.82004pt x 342.44682pt.
LaTeX Font Info:    External font `cmex10' loaded for size
(Font)              <7> on input line 36.
LaTeX Font Info:    External font `cmex10' loaded for size
(Font)              <5> on input line 36.



pdfTeX warning (ext4): destination with the same identifier (name{page.1}) has 
been already used, duplicate ignored
<to be read again> 
                   \relax 
l.39 
      [1


]
LaTeX Font Info:    External font `cmex10' loaded for size
(Font)              <9> on input line 40.

Overfull \hbox (9.01373pt too wide) in paragraph at lines 42--43
\T1/ppl/m/n/10.95 de 1 Gbps (1 \T1/ppl/m/it/10.95 Gigabit \T1/ppl/m/n/10.95 por
 segundo) entre satélites, se establece mediante una terminal
 []


Overfull \hbox (8.0276pt too wide) in paragraph at lines 42--43
\T1/ppl/m/n/10.95 de transmitir la información propiamente dicha mediante pulso
s de luz (no visible). 
 []


Overfull \hbox (5.67332pt too wide) in paragraph at lines 46--47
\T1/ppl/m/n/10.95 un amplificador dopado con erbio o EDFA (del inglés, \T1/ppl/
m/it/10.95 Erbuim Doped Fiber Amplifier\T1/ppl/m/n/10.95 )
 []


Overfull \hbox (10.01004pt too wide) in paragraph at lines 50--51
[]\T1/ppl/m/n/10.95 Este amplificador formará parte de la terminal de comunicac
iones y estará sometido
 []


Overfull \hbox (30.03682pt too wide) in paragraph at lines 50--51
\T1/ppl/m/n/10.95 a intensivas pruebas de funcionamiento y rendimiento durante 
la etapa de investigación
 []



LaTeX Info: Redefining \. on input line 51.
LaTeX Info: Redefining \% on input line 51.
Package babel Info: 'spanish' activates 'spanish' shorthands.
(babel)             Reported  on input line 51.

pdfTeX warning (ext4): destination with the same identifier (name{page.2}) has 
been already used, duplicate ignored
<to be read again> 
                   \relax 
l.51 
      [2 <./Figures/propuesta_skyloom.png>]
<./Figures/bloquesProy.png, id=483, 614.295pt x 368.87813pt>
File: ./Figures/bloquesProy.png Graphic file (type png)
<use ./Figures/bloquesProy.png>
Package pdftex.def Info: ./Figures/bloquesProy.png  used on input line 56.
(pdftex.def)             Requested size: 331.33466pt x 198.96606pt.

Overfull \hbox (18.6269pt too wide) in paragraph at lines 71--72
[]\T1/ppl/m/n/10.95 Para poder realizar pruebas sobre el EDFA de forma individu
al previo a la integración
 []


Overfull \hbox (0.25346pt too wide) in paragraph at lines 71--72
\T1/ppl/m/n/10.95 usuario debe adquirir una que ofrece el mismo fabricante del 
EDFA. Actualmente,
 []

<./Figures/placaDebug.jpg, id=485, 464.73625pt x 367.3725pt>
File: ./Figures/placaDebug.jpg Graphic file (type jpg)
<use ./Figures/placaDebug.jpg>
Package pdftex.def Info: ./Figures/placaDebug.jpg  used on input line 75.
(pdftex.def)             Requested size: 233.88399pt x 184.87979pt.


LaTeX Info: Redefining \. on input line 79.
LaTeX Info: Redefining \% on input line 79.
[3 <./Figures/bloquesProy.png>]
Overfull \hbox (17.74435pt too wide) in paragraph at lines 80--81
\T1/ppl/m/n/10.95 algunas funcionalidades básicas que le permiten hacer uso del
 amplificador. Contiene
 []


Overfull \hbox (13.7978pt too wide) in paragraph at lines 80--81
\T1/ppl/m/n/10.95 una interfaz USB-UART para enviar comandos al EDFA mediante u
na computadora,
 []


Overfull \hbox (2.84883pt too wide) in paragraph at lines 84--85
\T1/ppl/m/n/10.95 sección anterior y recientemente ha tomado la decisión de dej
ar de usarla y diseñar
 []


Overfull \hbox (11.92653pt too wide) in paragraph at lines 87--88
[]\T1/ppl/m/n/10.95 No permite el uso de todas las señales presentes en la inte
rfaz del amplificador. 
 []


Overfull \hbox (2.52025pt too wide) in paragraph at lines 91--92
[]\T1/ppl/m/n/10.95 No posee las protecciones eléctricas necesarias para proteg
er el amplificador. 
 []



LaTeX Info: Redefining \. on input line 105.
LaTeX Info: Redefining \% on input line 105.
[4 <./Figures/placaDebug.jpg>]
Overfull \hbox (10.79836pt too wide) in paragraph at lines 116--117
[]\T1/ppl/m/n/10.95 Especificación de las pruebas a ejecutar sobre el amplifica
dor óptico utilizando
 []

)

LaTeX Info: Redefining \. on input line 113.
LaTeX Info: Redefining \% on input line 113.
[5]
\openout2 = `Chapters/Chapter2.aux'.

 (Chapters/Chapter2.tex

[6




]
Cap\'{\i }tulo 2.

Overfull \hbox (7.16364pt too wide) in paragraph at lines 9--10
\T1/ppl/m/n/10.95 componentes internos del sistema desarrollado, junto con las 
tecnologías y recursos
 []


Overfull \hbox (15.86183pt too wide) in paragraph at lines 9--10
\T1/ppl/m/n/10.95 de software utilizados para su implementación. Asimismo, se r
ealiza una descripción
 []


Overfull \hbox (9.3528pt too wide) in paragraph at lines 24--25
[]\T1/ppl/m/n/10.95 El software debe cortar la alimentación del dispositivo EDF
A bajo prueba
 []


Overfull \hbox (3.39648pt too wide) in paragraph at lines 24--25
\T1/ppl/m/n/10.95 cuando se detecte que la corriente supera el valor previament
e definido. 
 []


Overfull \hbox (6.61658pt too wide) in paragraph at lines 30--31
[]\T1/ppl/m/n/10.95 El software debe actualizar la imagen de la pantalla cada m
edio segundo
 []



[7]
Overfull \hbox (5.4012pt too wide) in paragraph at lines 37--38
[]\T1/ppl/m/n/10.95 El software deberá mostrar en la pantalla los estados de to
das las señales
 []


Overfull \hbox (0.30855pt too wide) in paragraph at lines 43--44
[]\T1/ppl/m/n/10.95 El apagado de la salida óptica del dispositivo EDFA bajo pr
ueba deberá
 []


Overfull \hbox (7.8315pt too wide) in paragraph at lines 43--44
\T1/ppl/m/n/10.95 efectuarse en un tiempo menor a 100 ms luego de detectarse la
 activación
 []

<./Figures/espectro.png, id=519, 394.47375pt x 216.05719pt>
File: ./Figures/espectro.png Graphic file (type png)
<use ./Figures/espectro.png>
Package pdftex.def Info: ./Figures/espectro.png  used on input line 57.
(pdftex.def)             Requested size: 331.33466pt x 181.47688pt.

Overfull \hbox (7.42792pt too wide) in paragraph at lines 64--65
[]\T1/ppl/m/n/10.95 Inventado en 1987 [[][]7[][]], el EDFA es generalmente usad
o para compensar las pérdidas
 []


Overfull \hbox (8.06194pt too wide) in paragraph at lines 67--68
[]\T1/ppl/m/n/10.95 Inmediatamente después del transmisor, para aumentar la pot
encia inyectada
 []



LaTeX Info: Redefining \. on input line 70.
LaTeX Info: Redefining \% on input line 70.
[8 <./Figures/espectro.png>]
Overfull \hbox (23.78543pt too wide) in paragraph at lines 72--73
[]\T1/ppl/m/n/10.95 La figura [][]2.2[][] muestra la configuración interna más 
común de un EDFA. Su componente
 []


Overfull \hbox (18.63837pt too wide) in paragraph at lines 72--73
\T1/ppl/m/n/10.95 principal es la fibra dopada con erbio (EDF por sus siglas en
 inglés), que generalmente
 []

<./Figures/EDFAinterno.png, id=541, 627.84563pt x 285.31593pt>
File: ./Figures/EDFAinterno.png Graphic file (type png)
<use ./Figures/EDFAinterno.png>
Package pdftex.def Info: ./Figures/EDFAinterno.png  used on input line 80.
(pdftex.def)             Requested size: 331.33466pt x 150.56804pt.

Overfull \hbox (27.55577pt too wide) in paragraph at lines 89--90
\T1/ppl/m/n/10.95 conectados a una unidad de control. Esta generalmente cuenta 
con un microcontrolador
 []


Underfull \hbox (badness 10000) in paragraph at lines 104--105
[]|\T1/ppl/m/n/10.95 Retorno de alimentación
 []


Underfull \hbox (badness 10000) in paragraph at lines 105--105
[]|\T1/ppl/m/n/10.95 Tierra
 []


Underfull \hbox (badness 10000) in paragraph at lines 105--106
[]|\T1/ppl/m/n/10.95 Retorno de alimentación
 []


Overfull \hbox (6.46384pt too wide) in paragraph at lines 106--106
[]|\T1/ppl/m/n/10.95 Analógica| 
 []


Underfull \hbox (badness 1242) in paragraph at lines 106--107
[]|\T1/ppl/m/n/10.95 Indica el nivel de potencia
 []


Overfull \hbox (6.46384pt too wide) in paragraph at lines 107--107
[]|\T1/ppl/m/n/10.95 Analógica| 
 []


Underfull \hbox (badness 1242) in paragraph at lines 107--108
[]|\T1/ppl/m/n/10.95 Indica el nivel de potencia
 []


Underfull \hbox (badness 10000) in paragraph at lines 109--110
[]|\T1/ppl/m/n/10.95 Alarma de la bomba de
 []


Underfull \hbox (badness 10000) in paragraph at lines 112--113
[]|\T1/ppl/m/n/10.95 Habilitación del
 []


Underfull \hbox (badness 4036) in paragraph at lines 113--114
[]|\T1/ppl/m/n/10.95 Reset del microcontrolador
 []


Underfull \hbox (badness 10000) in paragraph at lines 114--115
[]|\T1/ppl/m/n/10.95 Habilitación de la salida
 []


Overfull \hbox (3.23875pt too wide) in paragraph at lines 99--121
 [][] 
 []



LaTeX Info: Redefining \. on input line 121.
LaTeX Info: Redefining \% on input line 121.
[9 <./Figures/EDFAinterno.png>]
Overfull \hbox (23.14142pt too wide) in paragraph at lines 125--126
[]\T1/ppl/m/n/10.95 Alimentación: tiene separada la tierra en digital, para la 
lógica y la comunicación,
 []


Overfull \hbox (2.34732pt too wide) in paragraph at lines 127--128
[]\T1/ppl/m/n/10.95 Alarmas: mediante un estado en alto indican si ocurrió algu
no de los eventos
 []


Overfull \hbox (1.00008pt too wide) in paragraph at lines 129--130
\T1/ppl/m/n/10.95 de valores de parámetros internos como temperaturas, potencia
s, ganancias,
 []


Overfull \hbox (17.24144pt too wide) in paragraph at lines 134--135
\T1/ppl/m/n/10.95 sistema simple, con poca probabilidad de fallas, fácil de usa
r y probar. A continuación
 []



LaTeX Info: Redefining \. on input line 135.
LaTeX Info: Redefining \% on input line 135.
[10]
Overfull \hbox (1.59065pt too wide) in paragraph at lines 140--141
\T1/ppl/m/n/10.95 alta velocidad de reloj, gran capacidad de memoria flash y va
riedad de periféricos,
 []

<./Figures/pant_LCD.png, id=572, 240.9pt x 150.5625pt>
File: ./Figures/pant_LCD.png Graphic file (type png)
<use ./Figures/pant_LCD.png>
Package pdftex.def Info: ./Figures/pant_LCD.png  used on input line 155.
(pdftex.def)             Requested size: 268.9648pt x 168.1188pt.


LaTeX Info: Redefining \. on input line 162.
LaTeX Info: Redefining \% on input line 162.
[11 <./Figures/pant_LCD.png>]
Overfull \hbox (16.78694pt too wide) in paragraph at lines 162--163
\T1/ppl/m/n/10.95 controlador táctil también opera mediante SPI y dispone de un
a señal de interrupción
 []


Overfull \hbox (29.20517pt too wide) in paragraph at lines 166--167
[]\T1/ppl/m/n/10.95 Para el firmware del microcontrolador se usaron distintas h
erramientas que permitieron
 []


Overfull \hbox (46.8554pt too wide) in paragraph at lines 170--171
[]\T1/ppl/m/n/10.95 FreeRTOS es un sistema operativo de tiempo real (RTOS) dise
ñado para microcontroladores
 []


Overfull \hbox (18.6502pt too wide) in paragraph at lines 172--173
\T1/ppl/m/n/10.95 del fabricante y debajo de la aplicación de usuario, brindand
o una capa de abstracción
 []


Overfull \hbox (40.64137pt too wide) in paragraph at lines 176--177
\T1/ppl/m/n/10.95 brinda acceso a recursos de hardware a programas de aplicació
n. Se ubica inmediatamente
 []


Overfull \hbox (6.95453pt too wide) in paragraph at lines 178--179
\T1/ppl/m/n/10.95 aplicaciones de software se vuelven independientes de la plat
aforma (portabilidad)
 []



LaTeX Info: Redefining \. on input line 189.
LaTeX Info: Redefining \% on input line 189.
[12]
Overfull \hbox (15.03525pt too wide) in paragraph at lines 196--197
[]\T1/ppl/m/n/10.95 SPI es una especificación de interfaz de comunicación serie
 sincrónica para distancias
 []


Overfull \hbox (11.17009pt too wide) in paragraph at lines 198--199
[]\T1/ppl/m/n/10.95 Los dispositivos SPI se comunican en modo \T1/ppl/m/it/10.9
5 full duplex \T1/ppl/m/n/10.95 (ambos sentidos simultáneos)
 []

)

LaTeX Info: Redefining \. on input line 114.
LaTeX Info: Redefining \% on input line 114.
[13]
\openout2 = `Chapters/Chapter3.aux'.

 (Chapters/Chapter3.tex

[14




]
Cap\'{\i }tulo 3.

(/Library/Application Support/MiKTeX/texmfs/install/tex/latex/listings/lstlang1
.sty
File: lstlang1.sty 2024/09/23 1.10c listings language file
)
(/Library/Application Support/MiKTeX/texmfs/install/tex/latex/listings/lstmisc.
sty
File: lstmisc.sty 2024/09/23 1.10c (Carsten Heinz)
)
Overfull \hbox (8.03995pt too wide) in paragraph at lines 46--47
\T1/ppl/m/n/10.95 Asimismo, se especifica la estructura general del firmware en
 el marco de FreeRTOS
 []


Overfull \hbox (7.11374pt too wide) in paragraph at lines 53--54
\T1/ppl/m/n/10.95 fabricada, sus entradas, salidas y el conexionado entre sus d
istintas partes. También
 []

<./Figures/diagDisp.png, id=612, 783.92876pt x 713.66624pt>
File: ./Figures/diagDisp.png Graphic file (type png)
<use ./Figures/diagDisp.png>
Package pdftex.def Info: ./Figures/diagDisp.png  used on input line 57.
(pdftex.def)             Requested size: 327.43283pt x 298.08255pt.


[15 <./Figures/diagDisp.png>]
<./Figures/func_monitor.png, id=621, 444.91219pt x 253.69781pt>
File: ./Figures/func_monitor.png Graphic file (type png)
<use ./Figures/func_monitor.png>
Package pdftex.def Info: ./Figures/func_monitor.png  used on input line 78.
(pdftex.def)             Requested size: 292.352pt x 166.70555pt.

Overfull \hbox (20.37233pt too wide) in paragraph at lines 87--88
\T1/ppl/m/n/10.95 mecánica. Esto se decidió implementarlo así debido a los line
amientos de protecciones
 []



LaTeX Info: Redefining \. on input line 88.
LaTeX Info: Redefining \% on input line 88.
[16 <./Figures/func_monitor.png>]
<./Figures/mon_tension.png, id=630, 307.1475pt x 228.855pt>
File: ./Figures/mon_tension.png Graphic file (type png)
<use ./Figures/mon_tension.png>
Package pdftex.def Info: ./Figures/mon_tension.png  used on input line 105.
(pdftex.def)             Requested size: 194.90134pt x 145.22003pt.


LaTeX Info: Redefining \. on input line 116.
LaTeX Info: Redefining \% on input line 116.
[17 <./Figures/mon_tension.png>]
Overfull \hbox (15.49582pt too wide) in paragraph at lines 131--132
[]\T1/ppl/m/n/10.95 Estas señales se podrían conectar directamente a pines digi
tales del microcontrolador
 []


Overfull \hbox (3.5493pt too wide) in paragraph at lines 134--135
\T1/ppl/m/n/10.95 señales y facilita la detección en ambos extremos (EDFA y mic
rocontrolador). 
 []


Overfull \hbox (2.08266pt too wide) in paragraph at lines 139--140
[]\T1/ppl/m/n/10.95 Para poder simular la activación de las alarmas en la placa
 se colocaron pulsadores
 []


Overfull \hbox (0.17682pt too wide) in paragraph at lines 139--140
\T1/ppl/m/n/10.95 EDFA, con el propósito de activarlos manualmente durante el t
esteo del firmware. 
 []


Overfull \hbox (3.52852pt too wide) in paragraph at lines 145--146
\T1/ppl/m/n/10.95 medida por los detectores de entrada y salida del amplificado
r, el cual corresponde
 []


Overfull \hbox (6.34232pt too wide) in paragraph at lines 147--148
\T1/ppl/m/n/10.95 PTV09A-4020U-B103) [[][]29[][]] que permiten variar de forma 
manual el valor de tensión
 []



LaTeX Info: Redefining \. on input line 148.
LaTeX Info: Redefining \% on input line 148.
[18]
Overfull \hbox (17.00615pt too wide) in paragraph at lines 151--152
\T1/ppl/m/n/10.95 UART: una para la comunicación entre el tester y el EDFA y ot
ra para la comunicación
 []


Overfull \hbox (4.42926pt too wide) in paragraph at lines 155--156
\T1/ppl/m/n/10.95 existan colisiones de lectura o escritura. Este acceso es ges
tionado por un semáforo. 
 []


Overfull \hbox (3.54955pt too wide) in paragraph at lines 157--158
[]\T1/ppl/m/n/10.95 El proceso del backend tiene como tarea principal ejecutar 
una máquina de estados
 []

<./Figures/arqFW.png, id=654, 953.5625pt x 525.965pt>
File: ./Figures/arqFW.png Graphic file (type png)
<use ./Figures/arqFW.png>
Package pdftex.def Info: ./Figures/arqFW.png  used on input line 165.
(pdftex.def)             Requested size: 331.33466pt x 182.75826pt.


LaTeX Info: Redefining \. on input line 169.
LaTeX Info: Redefining \% on input line 169.
[19]
Overfull \hbox (0.81296pt too wide) in paragraph at lines 180--181
[]\T1/ppl/m/n/10.95 Por último, se espera a que hayan transcurrido 20 milisegun
dos desde la medición
 []


Overfull \hbox (4.85664pt too wide) in paragraph at lines 180--181
\T1/ppl/m/n/10.95 anterior antes de volver a ejecutar el lazo. En la figura [][
]3.5[][] se puede ver un diagrama
 []

<./Figures/flowTaskApp.png, id=661, 186.6975pt x 619.31375pt>
File: ./Figures/flowTaskApp.png Graphic file (type png)
<use ./Figures/flowTaskApp.png>
Package pdftex.def Info: ./Figures/flowTaskApp.png  used on input line 184.
(pdftex.def)             Requested size: 155.91869pt x 517.23383pt.


LaTeX Info: Redefining \. on input line 188.
LaTeX Info: Redefining \% on input line 188.
[20 <./Figures/arqFW.png>]

LaTeX Info: Redefining \. on input line 194.
LaTeX Info: Redefining \% on input line 194.
[21 <./Figures/flowTaskApp.png>]
Overfull \hbox (4.04703pt too wide) in paragraph at lines 197--198
\T1/ppl/m/n/10.95 ultima actualización de los valores analógicos. En caso afirm
ativo, realiza el mismo
 []


Overfull \hbox (19.0437pt too wide) in paragraph at lines 197--198
\T1/ppl/m/n/10.95 continúa y espera que trascurra 0,1 segundo antes de realizar
 la próxima actualización
 []

<./Figures/flowTaskDisp.png, id=674, 207.77625pt x 662.475pt>
File: ./Figures/flowTaskDisp.png Graphic file (type png)
<use ./Figures/flowTaskDisp.png>
Package pdftex.def Info: ./Figures/flowTaskDisp.png  used on input line 203.
(pdftex.def)             Requested size: 155.91869pt x 497.14818pt.


LaTeX Info: Redefining \. on input line 207.
LaTeX Info: Redefining \% on input line 207.
[22]
Overfull \hbox (17.25903pt too wide) in paragraph at lines 211--212
[]\T1/ppl/m/n/10.95 La máquina de estados implementada administra el funcionami
ento del amplificador
 []


Overfull \hbox (4.50462pt too wide) in paragraph at lines 214--215
[]\T1/ppl/m/n/10.95 Desconectado: alimentación del amplificador desconectada (r
elé desactivado
 []



LaTeX Info: Redefining \. on input line 217.
LaTeX Info: Redefining \% on input line 217.
[23 <./Figures/flowTaskDisp.png>]
Overfull \hbox (14.85284pt too wide) in paragraph at lines 225--226
[]\T1/ppl/m/n/10.95 Eventos de la pantalla táctil: botón de encendido presionad
o, botón de apagado
 []


Overfull \hbox (4.94333pt too wide) in paragraph at lines 226--227
[]\T1/ppl/m/n/10.95 Eventos del amplificador: alarma de potencia de entrada enc
endida, potencia
 []


Overfull \hbox (10.83344pt too wide) in paragraph at lines 227--228
\T1/ppl/m/n/10.95 recibido, comando de encendido de salida del amplificador rec
ibido, comando
 []

<./Figures/diagFSM.png, id=685, 888.31876pt x 886.31125pt>
File: ./Figures/diagFSM.png Graphic file (type png)
<use ./Figures/diagFSM.png>
Package pdftex.def Info: ./Figures/diagFSM.png  used on input line 234.
(pdftex.def)             Requested size: 331.33466pt x 330.58073pt.
<./Figures/typeFSM.png, id=687, 270.25969pt x 109.91063pt>
File: ./Figures/typeFSM.png Graphic file (type png)
<use ./Figures/typeFSM.png>
Package pdftex.def Info: ./Figures/typeFSM.png  used on input line 245.
(pdftex.def)             Requested size: 233.88399pt x 95.12pt.


LaTeX Info: Redefining \. on input line 248.
LaTeX Info: Redefining \% on input line 248.
[24 <./Figures/diagFSM.png>]
Overfull \hbox (3.4244pt too wide) in paragraph at lines 254--255
[]\T1/ppl/b/n/10.95 event\T1/ppl/m/n/10.95 : evento definido en una lista con t
odos posibles. Indica bajo que evento
 []


Overfull \hbox (0.3145pt too wide) in paragraph at lines 255--256
[]\T1/ppl/b/n/10.95 action\T1/ppl/m/n/10.95 : puntero a función. Apunta a la fu
nción a ejecutar propiamente dicha. 
 []

<./Figures/halamp2.png, id=694, 987.69pt x 443.6575pt>
File: ./Figures/halamp2.png Graphic file (type png)
<use ./Figures/halamp2.png>
Package pdftex.def Info: ./Figures/halamp2.png  used on input line 269.
(pdftex.def)             Requested size: 350.82004pt x 157.57736pt.


LaTeX Info: Redefining \. on input line 273.
LaTeX Info: Redefining \% on input line 273.
[25 <./Figures/typeFSM.png>]
Overfull \hbox (15.22157pt too wide) in paragraph at lines 278--279
\T1/ppl/m/n/10.95 requiere leer el dato del valor convertido este ya se encuent
ra disponible en memoria. 
 []



LaTeX Info: Redefining \. on input line 323.
LaTeX Info: Redefining \% on input line 323.
[26 <./Figures/halamp2.png>]
Overfull \hbox (9.10428pt too wide) in paragraph at lines 330--331
[]\T1/ppl/b/n/10.95 LCD_Set_Address\T1/ppl/m/n/10.95 : envía los comandos y dir
ecciones de registros para definir
 []


Overfull \hbox (9.11511pt too wide) in paragraph at lines 331--332
[]\T1/ppl/b/n/10.95 LCD_Write_Data\T1/ppl/m/n/10.95 : envía el dato recibido ll
amando a la función de transmisión
 []



LaTeX Info: Redefining \. on input line 358.
LaTeX Info: Redefining \% on input line 358.
[27]
Overfull \hbox (10.67796pt too wide) in paragraph at lines 363--364
[]\T1/ppl/m/n/10.95 La consola de control brinda una pequeña interfaz que funci
ona como intermediario
 []


Overfull \hbox (7.23282pt too wide) in paragraph at lines 365--366
\T1/ppl/m/n/10.95 caracteres. Su funcionamiento es similar al de cualquier cons
ola o línea de comando
 []


Overfull \hbox (1.78827pt too wide) in paragraph at lines 367--368
[]\T1/ppl/m/n/10.95 Su funcionamiento básico es el siguiente: luego de recibir 
una cadena de caracteres
 []


Overfull \hbox (8.26186pt too wide) in paragraph at lines 367--368
\T1/ppl/m/n/10.95 esta se pasa por lo que se denomina un \T1/ppl/m/it/10.95 par
ser\T1/ppl/m/n/10.95 . Este lo que hace es primero identificar
 []


Overfull \hbox (18.1677pt too wide) in paragraph at lines 367--368
\T1/ppl/m/n/10.95 los caracteres de espacio que contiene la cadena para delimit
ar y extraer los comandos
 []


Overfull \hbox (5.45532pt too wide) in paragraph at lines 367--368
\T1/ppl/m/n/10.95 coincide con alguno de los comandos válidos mediante la compa
ración de cadenas.
 []


Overfull \hbox (8.20367pt too wide) in paragraph at lines 369--370
\T1/ppl/m/n/10.95 evento correspondiente a ese comando para luego ingresar a la
 máquina de estados.
 []

<./Figures/flowCmd.png, id=716, 400.49625pt x 492.84125pt>
File: ./Figures/flowCmd.png Graphic file (type png)
<use ./Figures/flowCmd.png>
Package pdftex.def Info: ./Figures/flowCmd.png  used on input line 375.
(pdftex.def)             Requested size: 292.352pt x 359.77863pt.


LaTeX Info: Redefining \. on input line 379.
LaTeX Info: Redefining \% on input line 379.
[28]
Overfull \hbox (3.59364pt too wide) in paragraph at lines 380--381
[]\T1/ppl/m/n/10.95 La tabla [][]3.4[][] lista todos los pares comando/argument
o que puede recibir la consola. 
 []



LaTeX Info: Redefining \. on input line 405.
LaTeX Info: Redefining \% on input line 405.
[29 <./Figures/flowCmd.png>]
<./Figures/placa2.jpg, id=730, 2103.35812pt x 1257.94969pt>
File: ./Figures/placa2.jpg Graphic file (type jpg)
<use ./Figures/placa2.jpg>
Package pdftex.def Info: ./Figures/placa2.jpg  used on input line 421.
(pdftex.def)             Requested size: 292.352pt x 174.8449pt.
<./Figures/placa3.jpg, id=731, 2114.65031pt x 1251.17438pt>
File: ./Figures/placa3.jpg Graphic file (type jpg)
<use ./Figures/placa3.jpg>
Package pdftex.def Info: ./Figures/placa3.jpg  used on input line 427.
(pdftex.def)             Requested size: 292.352pt x 172.96771pt.
<./Figures/placa1.jpg, id=732, 1542.51282pt x 1289.56781pt>
File: ./Figures/placa1.jpg Graphic file (type jpg)
<use ./Figures/placa1.jpg>
Package pdftex.def Info: ./Figures/placa1.jpg  used on input line 433.
(pdftex.def)             Requested size: 292.352pt x 244.41043pt.
)

LaTeX Info: Redefining \. on input line 115.
LaTeX Info: Redefining \% on input line 115.
[30]

LaTeX Info: Redefining \. on input line 115.
LaTeX Info: Redefining \% on input line 115.
[31 <./Figures/placa2.jpg> <./Figures/placa3.jpg> <./Figures/placa1.jpg>]
\openout2 = `Chapters/Chapter4.aux'.


(Chapters/Chapter4.tex

[32




]
Cap\'{\i }tulo 4.

Overfull \hbox (1.80893pt too wide) in paragraph at lines 15--16
\T1/ppl/m/n/10.95 del uso de una variedad de instrumentos y componentes en los 
bancos de ensayos.
 []


Underfull \hbox (badness 2229) in paragraph at lines 24--25
[]|\T1/ppl/m/n/10.95 Multímetro digital autorango de
 []


Underfull \hbox (badness 10000) in paragraph at lines 26--26
[]|\T1/ppl/m/n/10.95 Resistencia de
 []


Underfull \hbox (badness 6625) in paragraph at lines 30--31
[]|\T1/ppl/m/n/10.95 Computadora de escritorio con
 []


Underfull \hbox (badness 10000) in paragraph at lines 30--31
\T1/ppl/m/n/10.95 software PuTTY (cliente de
 []


Overfull \hbox (2.11357pt too wide) in paragraph at lines 20--35
 [][] 
 []


Overfull \hbox (1.58276pt too wide) in paragraph at lines 42--43
\T1/ppl/m/n/10.95 niveles de tensión en ciertos puntos de la placa. Por esta ra
zón, se omite especificar
 []



[33]
<./Figures/testMonCorr.png, id=753, 593.21625pt x 316.93407pt>
File: ./Figures/testMonCorr.png Graphic file (type png)
<use ./Figures/testMonCorr.png>
Package pdftex.def Info: ./Figures/testMonCorr.png  used on input line 62.
(pdftex.def)             Requested size: 350.82004pt x 187.43439pt.

Overfull \hbox (13.60156pt too wide) in paragraph at lines 74--75
[]\T1/ppl/m/n/10.95 Las pruebas de firmware tienen como finalidad validar el fu
ncionamiento individual
 []



LaTeX Info: Redefining \. on input line 79.
LaTeX Info: Redefining \% on input line 79.
[34 <./Figures/testMonCorr.png (PNG copy)>]
Overfull \hbox (7.83093pt too wide) in paragraph at lines 82--83
\T1/ppl/m/n/10.95 pueden ver los valores computados para los distintos valores 
de tensión de entrada. 
 []

<./Figures/testMonTens.png, id=760, 549.55313pt x 295.1025pt>
File: ./Figures/testMonTens.png Graphic file (type png)
<use ./Figures/testMonTens.png>
Package pdftex.def Info: ./Figures/testMonTens.png  used on input line 86.
(pdftex.def)             Requested size: 350.82004pt x 188.39214pt.
<./Figures/testMonCorr2.png, id=763, 498.36188pt x 272.51813pt>
File: ./Figures/testMonCorr2.png Graphic file (type png)
<use ./Figures/testMonCorr2.png>
Package pdftex.def Info: ./Figures/testMonCorr2.png  used on input line 102.
(pdftex.def)             Requested size: 350.82004pt x 191.84253pt.


LaTeX Info: Redefining \. on input line 106.
LaTeX Info: Redefining \% on input line 106.
[35 <./Figures/testMonTens.png (PNG copy)>]
Overfull \hbox (5.5645pt too wide) in paragraph at lines 107--108
[]\T1/ppl/m/n/10.95 Observando el gráfico se desprende que en este rango se tie
ne un error de medición
 []


Overfull \hbox (2.02812pt too wide) in paragraph at lines 111--112
\T1/ppl/m/n/10.95 del programa, lo que implica no solo que la biblioteca desarr
ollada para la pantalla
 []

<./Figures/testLCD.jpg, id=770, 1355.0625pt x 915.42pt>
File: ./Figures/testLCD.jpg Graphic file (type jpg)
<use ./Figures/testLCD.jpg>
Package pdftex.def Info: ./Figures/testLCD.jpg  used on input line 117.
(pdftex.def)             Requested size: 311.84334pt x 210.66788pt.


LaTeX Info: Redefining \. on input line 125.
LaTeX Info: Redefining \% on input line 125.
[36 <./Figures/testMonCorr2.png (PNG copy)> <./Figures/testLCD.jpg>]
<./Figures/pruebaConsola.png, id=776, 437.38406pt x 291.33844pt>
File: ./Figures/pruebaConsola.png Graphic file (type png)
<use ./Figures/pruebaConsola.png>
Package pdftex.def Info: ./Figures/pruebaConsola.png  used on input line 130.
(pdftex.def)             Requested size: 350.82004pt x 233.68008pt.

Overfull \hbox (8.04945pt too wide) in paragraph at lines 143--144
[]\T1/ppl/m/n/10.95 En la figura [][]4.6[][] se puede ver el estado de la panta
lla LCD durante el funcionamiento
 []

<./Figures/funcNorm.jpg, id=780, 1269.99469pt x 953.06062pt>
File: ./Figures/funcNorm.jpg Graphic file (type jpg)
<use ./Figures/funcNorm.jpg>
Package pdftex.def Info: ./Figures/funcNorm.jpg  used on input line 147.
(pdftex.def)             Requested size: 292.352pt x 219.38838pt.


LaTeX Info: Redefining \. on input line 151.
LaTeX Info: Redefining \% on input line 151.
[37 <./Figures/pruebaConsola.png>]
Overfull \hbox (16.21918pt too wide) in paragraph at lines 159--160
[]\T1/ppl/m/n/10.95 En la figura [][]4.7[][] se puede ver la conmutación de la 
señal de control OUT_POW_MUTE
 []

<./Figures/detecAlarm2.png, id=787, 538.26094pt x 197.98969pt>
File: ./Figures/detecAlarm2.png Graphic file (type png)
<use ./Figures/detecAlarm2.png>
Package pdftex.def Info: ./Figures/detecAlarm2.png  used on input line 163.
(pdftex.def)             Requested size: 389.80269pt x 143.38326pt.

Overfull \hbox (31.12126pt too wide) in paragraph at lines 168--169
\T1/ppl/m/n/10.95 detección de la alarma del EDFA y el apagado de la salida ópt
ica es de aproximadamente
 []

<./Figures/detecAlarm.jpg, id=790, 1216.545pt x 895.84688pt>
File: ./Figures/detecAlarm.jpg Graphic file (type jpg)
<use ./Figures/detecAlarm.jpg>
Package pdftex.def Info: ./Figures/detecAlarm.jpg  used on input line 174.
(pdftex.def)             Requested size: 292.352pt x 215.28104pt.


LaTeX Info: Redefining \. on input line 178.
LaTeX Info: Redefining \% on input line 178.
[38 <./Figures/funcNorm.jpg> <./Figures/detecAlarm2.png>]
Overfull \hbox (20.62099pt too wide) in paragraph at lines 182--183
[]\T1/ppl/m/n/10.95 Al igual que para el caso de la detección de alarmas, la de
tección de una sobrecorriente
 []

<./Figures/detecOC.png, id=797, 506.6428pt x 188.95593pt>
File: ./Figures/detecOC.png Graphic file (type png)
<use ./Figures/detecOC.png>
Package pdftex.def Info: ./Figures/detecOC.png  used on input line 188.
(pdftex.def)             Requested size: 389.80269pt x 145.38406pt.
LaTeX Font Info:    Trying to load font information for TS1+ppl on input line 1
93.

(/Users/lucas/Library/Application Support/MiKTeX/texmfs/install/tex/latex/psnfs
s/ts1ppl.fd
File: ts1ppl.fd 2001/06/04 font definitions for TS1/ppl.
)
Overfull \hbox (8.63043pt too wide) in paragraph at lines 197--198
[]\T1/ppl/m/n/10.95 En la tabla [][]4.2[][] se puede ver una comparación entre 
las funcionalidades del producto
 []


Underfull \hbox (badness 10000) in paragraph at lines 216--216
[]|\T1/ppl/m/n/10.95 Protección contra descarga
 []


Overfull \hbox (32.83485pt too wide) in paragraph at lines 202--221
 [][] 
 []



LaTeX Info: Redefining \. on input line 221.
LaTeX Info: Redefining \% on input line 221.
[39 <./Figures/detecAlarm.jpg> <./Figures/detecOC.png>]
Overfull \hbox (4.94133pt too wide) in paragraph at lines 223--224
[]\T1/ppl/m/n/10.95 La tabla deja en evidencia que, aún siendo un prototipo, el
 dispositivo desarrollado
 []


Overfull \hbox (12.32104pt too wide) in paragraph at lines 223--224
\T1/ppl/m/n/10.95 cuenta con un número mucho mayor de funcionalidades que lo ha
cen más adecuado
 []


Overfull \hbox (18.66447pt too wide) in paragraph at lines 223--224
\T1/ppl/m/n/10.95 para su uso con el amplificador. Las protecciones incluidas s
on de mayor importancia,
 []


Overfull \hbox (5.3129pt too wide) in paragraph at lines 230--231
[]\T1/ppl/m/n/10.95 Las pruebas de detección de alarmas (sección [][]4.4.2[][])
 verifican el cumplimiento
 []


Overfull \hbox (36.22398pt too wide) in paragraph at lines 231--232
[]\T1/ppl/m/n/10.95 Las pruebas de detección de sobrecorriente (sección [][]4.4
.3[][]) verifican el cumplimiento
 []


Overfull \hbox (9.32118pt too wide) in paragraph at lines 232--233
[]\T1/ppl/m/n/10.95 Las pruebas del monitor de tensión (sección [][]4.3.2[][]),
 las del monitor de corriente
 []


Overfull \hbox (1.14093pt too wide) in paragraph at lines 232--233
\T1/ppl/m/n/10.95 (sección [][]4.3.2[][]) y las de la pantalla durante el funci
onamiento normal (sección
 []

)

LaTeX Info: Redefining \. on input line 116.
LaTeX Info: Redefining \% on input line 116.
[40]
\openout2 = `Chapters/Chapter5.aux'.

 (Chapters/Chapter5.tex
Cap\'{\i }tulo 5.

Overfull \hbox (7.51419pt too wide) in paragraph at lines 16--17
[]\T1/ppl/m/n/10.95 En líneas generales, a pesar de los contratiempos encontrad
os durante el desarrollo,
 []


Overfull \hbox (8.25899pt too wide) in paragraph at lines 22--23
[]\T1/ppl/m/n/10.95 Como se explica en la sección [][]3.3[][], el dispositivo d
esarrollado no es el producto
 []


Overfull \hbox (5.44528pt too wide) in paragraph at lines 23--24
[]\T1/ppl/m/n/10.95 Se hizo uso de muchas herramientas, conceptos y metodología
s incorporadas
 []


Overfull \hbox (14.90437pt too wide) in paragraph at lines 28--29
[]\T1/ppl/m/n/10.95 Con el objetivo de contar con un producto final apto para u
so en tareas de integración
 []


Overfull \hbox (16.54765pt too wide) in paragraph at lines 32--33
[]\T1/ppl/m/n/10.95 Mejorar el firmware añadiendo más funcionalidades y robuste
cerlo corrigiendo
 []


Overfull \hbox (12.29941pt too wide) in paragraph at lines 33--34
[]\T1/ppl/m/n/10.95 Una vez rediseñado el PCB, volver a validar el hardware y f
irmware utilizando
 []



[41




]
Overfull \hbox (21.20125pt too wide) in paragraph at lines 34--35
[]\T1/ppl/m/n/10.95 Realizar las modificaciones necesarias en el firmware para 
lograr compatibilidad
 []

)

LaTeX Info: Redefining \. on input line 117.
LaTeX Info: Redefining \% on input line 117.
[42]
\openout2 = `Appendices/AppendixA.aux'.

 (Appendices/AppendixA.tex
Ap\'{e}ndice A.
<./Figures/circ1.png, id=826, 6265.65843pt x 3975.60281pt>
File: ./Figures/circ1.png Graphic file (type png)
<use ./Figures/circ1.png>
Package pdftex.def Info: ./Figures/circ1.png  used on input line 11.
(pdftex.def)             Requested size: 662.66338pt x 420.45343pt.


[43





]
Overfull \vbox (52.65074pt too high) has occurred while \output is active []



LaTeX Info: Redefining \. on input line 14.
LaTeX Info: Redefining \% on input line 14.
[44 <./Figures/circ1.png>]
<./Figures/circ2.png, id=835, 4704.32532pt x 2984.90157pt>
File: ./Figures/circ2.png Graphic file (type png)
<use ./Figures/circ2.png>
Package pdftex.def Info: ./Figures/circ2.png  used on input line 17.
(pdftex.def)             Requested size: 662.66338pt x 420.43394pt.

Overfull \vbox (52.63126pt too high) has occurred while \output is active []



LaTeX Info: Redefining \. on input line 20.
LaTeX Info: Redefining \% on input line 20.
[45 <./Figures/circ2.png>]
<./Figures/circ3.png, id=841, 4705.83093pt x 2987.16pt>
File: ./Figures/circ3.png Graphic file (type png)
<use ./Figures/circ3.png>
Package pdftex.def Info: ./Figures/circ3.png  used on input line 23.
(pdftex.def)             Requested size: 662.66338pt x 420.61531pt.
)
Overfull \vbox (52.81262pt too high) has occurred while \output is active []



LaTeX Info: Redefining \. on input line 128.
LaTeX Info: Redefining \% on input line 128.
[46 <./Figures/circ3.png>]
\openout2 = `Appendices/AppendixB.aux'.

 (Appendices/AppendixB.tex
Ap\'{e}ndice B.
<./Figures/setupEnsayos.jpg, id=846, 2764.3275pt x 1333.23094pt>
File: ./Figures/setupEnsayos.jpg Graphic file (type jpg)
<use ./Figures/setupEnsayos.jpg>
Package pdftex.def Info: ./Figures/setupEnsayos.jpg  used on input line 11.
(pdftex.def)             Requested size: 389.80269pt x 187.99373pt.
)

[47





 <./Figures/setupEnsayos.jpg>]

[48



]
Overfull \hbox (39.46542pt too wide) in paragraph at lines 141--141
[]\T1/ppl/m/n/10.95 Fiber Optics Share. \T1/ppl/m/it/10.95 Basic Knowledge Abou
t EDFA\T1/ppl/m/n/10.95 . \T1/ppl/m/sc/10.95 url\T1/ppl/m/n/10.95 : [][]$https 
: / / www . beropticshare .
 []


Overfull \hbox (33.83673pt too wide) in paragraph at lines 141--141
[]\T1/ppl/m/n/10.95 Ing. Lucas Constantino. \T1/ppl/m/it/10.95 Tester para ampl
ificador óptico. Especificación de requerimientos
 []


Overfull \hbox (112.90297pt too wide) in paragraph at lines 141--141
\T1/ppl/m/it/10.95 de software\T1/ppl/m/n/10.95 . 2022. \T1/ppl/m/sc/10.95 url\
T1/ppl/m/n/10.95 : [][]$https : / / drive . google . com / le / d / 12 -[] mV9
YiTrhrPz9u6ybiGlePk2mSL5Vg6 /
 []


Overfull \hbox (41.74278pt too wide) in paragraph at lines 141--141
[]\T1/ppl/m/n/10.95 ThorLabs. \T1/ppl/m/it/10.95 Gain Flattening Filters\T1/ppl
/m/n/10.95 . \T1/ppl/m/sc/10.95 url\T1/ppl/m/n/10.95 : [][]$https : / / www . t
horlabs . com / newgrouppage9 .
 []


Overfull \hbox (7.88605pt too wide) in paragraph at lines 141--141
[]\T1/ppl/m/n/10.95 ST Microelectronics. \T1/ppl/m/it/10.95 Nucleo-144\T1/ppl/m
/n/10.95 . \T1/ppl/m/sc/10.95 url\T1/ppl/m/n/10.95 : [][]$https : / / www . far
nell . com / datasheets /
 []


Overfull \hbox (0.7149pt too wide) in paragraph at lines 141--141
[]\T1/ppl/m/n/10.95 LCDWiki. \T1/ppl/m/it/10.95 MSP2807\T1/ppl/m/n/10.95 . \T1/
ppl/m/sc/10.95 url\T1/ppl/m/n/10.95 : [][]$http : / / www . lcdwiki . com / 2 .
 8inch _ SPI _ Module _
 []



[49]

LaTeX Info: Redefining \. on input line 143.
LaTeX Info: Redefining \% on input line 143.
[50] (memorianueva.aux (portada.aux)
LaTeX Info: Redefining \sptext on input line 16.
LaTeX Info: Redefining \. on input line 16.
LaTeX Info: Redefining \% on input line 16.
 (Chapters/Chapter1.aux)
(Chapters/Chapter2.aux) (Chapters/Chapter3.aux) (Chapters/Chapter4.aux)
(Chapters/Chapter5.aux) (Appendices/AppendixA.aux) (Appendices/AppendixB.aux))
 ***********
LaTeX2e <2025-06-01>
L3 programming layer <2020/03/25>
 ***********


LaTeX Warning: There were undefined references.

Package rerunfilecheck Info: File `memorianueva.out' has not changed.
(rerunfilecheck)             Checksum: B2B448DAC883CE3059BEBF4B2045AF5B;11546.

Package biblatex Warning: Please (re)run BibTeX on the file(s):
(biblatex)                memorianueva
(biblatex)                and rerun LaTeX afterwards.

Package logreq Info: Writing requests to 'memorianueva.run.xml'.
\openout1 = `memorianueva.run.xml'.

 ) 
Here is how much of TeX's memory you used:
 32412 strings out of 470166
 711834 string characters out of 2483708
 1462963 words of memory out of 3000000
 60046 multiletter control sequences out of 15000+600000
 687444 words of font info for 109 fonts, out of 8000000 for 9000
 1 hyphenation exception out of 8191
 96i,21n,94p,1971b,2955s stack positions out of 5000i,500n,10000p,200000b,80000s

pdfTeX warning (dest): name{Hfootnote.4} has been referenced but does not exist
, replaced by a fixed one


pdfTeX warning (dest): name{Hfootnote.3} has been referenced but does not exist
, replaced by a fixed one


pdfTeX warning (dest): name{Hfootnote.2} has been referenced but does not exist
, replaced by a fixed one


pdfTeX warning (dest): name{Hfootnote.1} has been referenced but does not exist
, replaced by a fixed one

{/Library/Application Support/MiKTeX/texmfs/install/fonts/enc/dvips/base/8r.enc
}</Library/Application Support/MiKTeX/texmfs/install/fonts/type1/public/amsfont
s/cm/cmr10.pfb></Library/Application Support/MiKTeX/texmfs/install/fonts/type1/
urw/helvetic/uhvb8a.pfb></Library/Application Support/MiKTeX/texmfs/install/fon
ts/type1/urw/helvetic/uhvr8a.pfb></Library/Application Support/MiKTeX/texmfs/in
stall/fonts/type1/urw/helvetic/uhvro8a.pfb></Library/Application Support/MiKTeX
/texmfs/install/fonts/type1/urw/palatino/uplb8a.pfb></Library/Application Suppo
rt/MiKTeX/texmfs/install/fonts/type1/urw/palatino/uplr8a.pfb></Library/Applicat
ion Support/MiKTeX/texmfs/install/fonts/type1/urw/palatino/uplr8a.pfb></Library
/Application Support/MiKTeX/texmfs/install/fonts/type1/urw/palatino/uplri8a.pfb
>
Output written on memorianueva.pdf (60 pages, 10287295 bytes).
PDF statistics:
 1003 PDF objects out of 1200 (max. 8388607)
 214 named destinations out of 1000 (max. 500000)
 670 words of extra memory for PDF output out of 10000 (max. 10000000)

